TestPlugin/build/outputs/logs/manifest-merger-debug-report.txt
-- Merging decision tree log ---
manifest
ADDED from SunnyDemo1\TestPlugin\AndroidManifest.xml:2:1-22:12
	package
		ADDED from SunnyDemo1\TestPlugin\AndroidManifest.xml:3:11-43
	android:versionName
		ADDED from SunnyDemo1\TestPlugin\AndroidManifest.xml:5:11-36
		INJECTED from SunnyDemo1\TestPlugin\AndroidManifest.xml
		INJECTED from SunnyDemo1\TestPlugin\AndroidManifest.xml
	android:versionCode
		ADDED from SunnyDemo1\TestPlugin\AndroidManifest.xml:4:11-34
		INJECTED from SunnyDemo1\TestPlugin\AndroidManifest.xml
		INJECTED from SunnyDemo1\TestPlugin\AndroidManifest.xml
	xmlns:android
		ADDED from SunnyDemo1\TestPlugin\AndroidManifest.xml:2:11-69
uses-sdk
ADDED from SunnyDemo1\TestPlugin\AndroidManifest.xml:6:5-42
MERGED from [com.android.support:support-v4:21.0.2] AndroidManifest.xml:15:5-42
MERGED from [com.android.support:gridlayout-v7:21.0.2] AndroidManifest.xml:15:5-42
MERGED from [com.android.support:support-v4:21.0.2] AndroidManifest.xml:15:5-42
MERGED from [com.android.support:cardview-v7:21.0.2] AndroidManifest.xml:15:5-42
MERGED from [com.android.support:appcompat-v7:18.0.0] AndroidManifest.xml:18:5-42
MERGED from [com.android.support:support-v4:21.0.2] AndroidManifest.xml:15:5-42
MERGED from [SunnyDemo1.Libraries:DroidPlugin:unspecified] AndroidManifest.xml:30:5-43
	android:minSdkVersion
		ADDED from SunnyDemo1\TestPlugin\AndroidManifest.xml:6:15-40
application
ADDED from SunnyDemo1\TestPlugin\AndroidManifest.xml:7:5-21:19
MERGED from [com.android.support:support-v4:21.0.2] AndroidManifest.xml:16:5-19
MERGED from [com.android.support:gridlayout-v7:21.0.2] AndroidManifest.xml:16:5-19
MERGED from [com.android.support:support-v4:21.0.2] AndroidManifest.xml:16:5-19
MERGED from [com.android.support:cardview-v7:21.0.2] AndroidManifest.xml:16:5-19
MERGED from [com.android.support:appcompat-v7:18.0.0] AndroidManifest.xml:19:5-20
MERGED from [com.android.support:support-v4:21.0.2] AndroidManifest.xml:16:5-19
MERGED from [SunnyDemo1.Libraries:DroidPlugin:unspecified] AndroidManifest.xml:186:5-1528:19
	android:label
		ADDED from SunnyDemo1\TestPlugin\AndroidManifest.xml:7:74-106
	android:icon
		ADDED from SunnyDemo1\TestPlugin\AndroidManifest.xml:8:18-54
	android:theme
		ADDED from SunnyDemo1\TestPlugin\AndroidManifest.xml:8:55-86
	android:name
		ADDED from SunnyDemo1\TestPlugin\AndroidManifest.xml:7:18-73
activity#com.example.TestPlugin.MyActivity
ADDED from SunnyDemo1\TestPlugin\AndroidManifest.xml:9:9-19:20
	android:screenOrientation
		ADDED from SunnyDemo1\TestPlugin\AndroidManifest.xml:12:17-53
	android:label
		ADDED from SunnyDemo1\TestPlugin\AndroidManifest.xml:11:17-49
	android:configChanges
		ADDED from SunnyDemo1\TestPlugin\AndroidManifest.xml:13:17-52
	android:name
		ADDED from SunnyDemo1\TestPlugin\AndroidManifest.xml:10:17-42
intent-filter#android.intent.action.MAIN+android.intent.category.LAUNCHER
ADDED from SunnyDemo1\TestPlugin\AndroidManifest.xml:15:13-18:29
action#android.intent.action.MAIN
ADDED from SunnyDemo1\TestPlugin\AndroidManifest.xml:16:17-68
	android:name
		ADDED from SunnyDemo1\TestPlugin\AndroidManifest.xml:16:25-66
category#android.intent.category.LAUNCHER
ADDED from SunnyDemo1\TestPlugin\AndroidManifest.xml:17:17-76
	android:name
		ADDED from SunnyDemo1\TestPlugin\AndroidManifest.xml:17:27-74
uses-permission#android.permission.ACCESS_COARSE_LOCATION
ADDED from [SunnyDemo1.Libraries:DroidPlugin:unspecified] AndroidManifest.xml:33:5-81
	android:name
		ADDED from [SunnyDemo1.Libraries:DroidPlugin:unspecified] AndroidManifest.xml:33:22-78
uses-permission#android.permission.ACCESS_FINE_LOCATION
ADDED from [SunnyDemo1.Libraries:DroidPlugin:unspecified] AndroidManifest.xml:34:5-79
	android:name
		ADDED from [SunnyDemo1.Libraries:DroidPlugin:unspecified] AndroidManifest.xml:34:22-76
uses-permission#android.permission.ACCESS_LOCATION_EXTRA_COMMANDS
ADDED from [SunnyDemo1.Libraries:DroidPlugin:unspecified] AndroidManifest.xml:35:5-89
	android:name
		ADDED from [SunnyDemo1.Libraries:DroidPlugin:unspecified] AndroidManifest.xml:35:22-86
uses-permission#android.permission.ACCESS_MOCK_LOCATION
ADDED from [SunnyDemo1.Libraries:DroidPlugin:unspecified] AndroidManifest.xml:36:5-79
	android:name
		ADDED from [SunnyDemo1.Libraries:DroidPlugin:unspecified] AndroidManifest.xml:36:22-76
uses-permission#android.permission.ACCESS_NETWORK_STATE
ADDED from [SunnyDemo1.Libraries:DroidPlugin:unspecified] AndroidManifest.xml:37:5-79
	android:name
		ADDED from [SunnyDemo1.Libraries:DroidPlugin:unspecified] AndroidManifest.xml:37:22-76
uses-permission#android.permission.ACCESS_WIFI_STATE
ADDED from [SunnyDemo1.Libraries:DroidPlugin:unspecified] AndroidManifest.xml:38:5-76
	android:name
		ADDED from [SunnyDemo1.Libraries:DroidPlugin:unspecified] AndroidManifest.xml:38:22-73
uses-permission#android.permission.ACCESS_WIMAX_STATE
ADDED from [SunnyDemo1.Libraries:DroidPlugin:unspecified] AndroidManifest.xml:39:5-77
	android:name
		ADDED from [SunnyDemo1.Libraries:DroidPlugin:unspecified] AndroidManifest.xml:39:22-74
uses-permission#android.permission.AUTHENTICATE_ACCOUNTS
ADDED from [SunnyDemo1.Libraries:DroidPlugin:unspecified] AndroidManifest.xml:40:5-80
	android:name
		ADDED from [SunnyDemo1.Libraries:DroidPlugin:unspecified] AndroidManifest.xml:40:22-77
uses-permission#android.permission.BLUETOOTH
ADDED from [SunnyDemo1.Libraries:DroidPlugin:unspecified] AndroidManifest.xml:41:5-68
	android:name
		ADDED from [SunnyDemo1.Libraries:DroidPlugin:unspecified] AndroidManifest.xml:41:22-65
uses-permission#android.permission.BLUETOOTH_ADMIN
ADDED from [SunnyDemo1.Libraries:DroidPlugin:unspecified] AndroidManifest.xml:42:5-74
	android:name
		ADDED from [SunnyDemo1.Libraries:DroidPlugin:unspecified] AndroidManifest.xml:42:22-71
uses-permission#android.permission.BODY_SENSORS
ADDED from [SunnyDemo1.Libraries:DroidPlugin:unspecified] AndroidManifest.xml:43:5-71
	android:name
		ADDED from [SunnyDemo1.Libraries:DroidPlugin:unspecified] AndroidManifest.xml:43:22-68
uses-permission#android.permission.BROADCAST_STICKY
ADDED from [SunnyDemo1.Libraries:DroidPlugin:unspecified] AndroidManifest.xml:44:5-75
	android:name
		ADDED from [SunnyDemo1.Libraries:DroidPlugin:unspecified] AndroidManifest.xml:44:22-72
uses-permission#android.permission.CALL_PHONE
ADDED from [SunnyDemo1.Libraries:DroidPlugin:unspecified] AndroidManifest.xml:45:5-69
	android:name
		ADDED from [SunnyDemo1.Libraries:DroidPlugin:unspecified] AndroidManifest.xml:45:22-66
uses-permission#android.permission.CAMERA
ADDED from [SunnyDemo1.Libraries:DroidPlugin:unspecified] AndroidManifest.xml:46:5-65
	android:name
		ADDED from [SunnyDemo1.Libraries:DroidPlugin:unspecified] AndroidManifest.xml:46:22-62
uses-permission#android.permission.CHANGE_NETWORK_STATE
ADDED from [SunnyDemo1.Libraries:DroidPlugin:unspecified] AndroidManifest.xml:47:5-79
	android:name
		ADDED from [SunnyDemo1.Libraries:DroidPlugin:unspecified] AndroidManifest.xml:47:22-76
uses-permission#android.permission.CHANGE_WIFI_MULTICAST_STATE
ADDED from [SunnyDemo1.Libraries:DroidPlugin:unspecified] AndroidManifest.xml:48:5-86
	android:name
		ADDED from [SunnyDemo1.Libraries:DroidPlugin:unspecified] AndroidManifest.xml:48:22-83
uses-permission#android.permission.CHANGE_WIFI_STATE
ADDED from [SunnyDemo1.Libraries:DroidPlugin:unspecified] AndroidManifest.xml:49:5-76
	android:name
		ADDED from [SunnyDemo1.Libraries:DroidPlugin:unspecified] AndroidManifest.xml:49:22-73
uses-permission#android.permission.CHANGE_WIMAX_STATE
ADDED from [SunnyDemo1.Libraries:DroidPlugin:unspecified] AndroidManifest.xml:50:5-77
	android:name
		ADDED from [SunnyDemo1.Libraries:DroidPlugin:unspecified] AndroidManifest.xml:50:22-74
uses-permission#android.permission.CLEAR_APP_CACHE
ADDED from [SunnyDemo1.Libraries:DroidPlugin:unspecified] AndroidManifest.xml:51:5-74
	android:name
		ADDED from [SunnyDemo1.Libraries:DroidPlugin:unspecified] AndroidManifest.xml:51:22-71
uses-permission#android.permission.DISABLE_KEYGUARD
ADDED from [SunnyDemo1.Libraries:DroidPlugin:unspecified] AndroidManifest.xml:52:5-75
	android:name
		ADDED from [SunnyDemo1.Libraries:DroidPlugin:unspecified] AndroidManifest.xml:52:22-72
uses-permission#android.permission.DOWNLOAD_WITHOUT_NOTIFICATION
ADDED from [SunnyDemo1.Libraries:DroidPlugin:unspecified] AndroidManifest.xml:53:5-88
	android:name
		ADDED from [SunnyDemo1.Libraries:DroidPlugin:unspecified] AndroidManifest.xml:53:22-85
uses-permission#android.permission.EXPAND_STATUS_BAR
ADDED from [SunnyDemo1.Libraries:DroidPlugin:unspecified] AndroidManifest.xml:54:5-76
	android:name
		ADDED from [SunnyDemo1.Libraries:DroidPlugin:unspecified] AndroidManifest.xml:54:22-73
uses-permission#android.permission.FLASHLIGHT
ADDED from [SunnyDemo1.Libraries:DroidPlugin:unspecified] AndroidManifest.xml:55:5-69
	android:name
		ADDED from [SunnyDemo1.Libraries:DroidPlugin:unspecified] AndroidManifest.xml:55:22-66
uses-permission#android.permission.GET_ACCOUNTS
ADDED from [SunnyDemo1.Libraries:DroidPlugin:unspecified] AndroidManifest.xml:56:5-71
	android:name
		ADDED from [SunnyDemo1.Libraries:DroidPlugin:unspecified] AndroidManifest.xml:56:22-68
uses-permission#android.permission.GET_PACKAGE_SIZE
ADDED from [SunnyDemo1.Libraries:DroidPlugin:unspecified] AndroidManifest.xml:57:5-75
	android:name
		ADDED from [SunnyDemo1.Libraries:DroidPlugin:unspecified] AndroidManifest.xml:57:22-72
uses-permission#android.permission.GET_TASKS
ADDED from [SunnyDemo1.Libraries:DroidPlugin:unspecified] AndroidManifest.xml:58:5-68
	android:name
		ADDED from [SunnyDemo1.Libraries:DroidPlugin:unspecified] AndroidManifest.xml:58:22-65
uses-permission#android.permission.INTERNET
ADDED from [SunnyDemo1.Libraries:DroidPlugin:unspecified] AndroidManifest.xml:59:5-67
	android:name
		ADDED from [SunnyDemo1.Libraries:DroidPlugin:unspecified] AndroidManifest.xml:59:22-64
uses-permission#android.permission.KILL_BACKGROUND_PROCESSES
ADDED from [SunnyDemo1.Libraries:DroidPlugin:unspecified] AndroidManifest.xml:60:5-84
	android:name
		ADDED from [SunnyDemo1.Libraries:DroidPlugin:unspecified] AndroidManifest.xml:60:22-81
uses-permission#android.permission.MANAGE_ACCOUNTS
ADDED from [SunnyDemo1.Libraries:DroidPlugin:unspecified] AndroidManifest.xml:61:5-74
	android:name
		ADDED from [SunnyDemo1.Libraries:DroidPlugin:unspecified] AndroidManifest.xml:61:22-71
uses-permission#android.permission.MODIFY_AUDIO_SETTINGS
ADDED from [SunnyDemo1.Libraries:DroidPlugin:unspecified] AndroidManifest.xml:62:5-80
	android:name
		ADDED from [SunnyDemo1.Libraries:DroidPlugin:unspecified] AndroidManifest.xml:62:22-77
uses-permission#android.permission.NFC
ADDED from [SunnyDemo1.Libraries:DroidPlugin:unspecified] AndroidManifest.xml:63:5-62
	android:name
		ADDED from [SunnyDemo1.Libraries:DroidPlugin:unspecified] AndroidManifest.xml:63:22-59
uses-permission#android.permission.PERSISTENT_ACTIVITY
ADDED from [SunnyDemo1.Libraries:DroidPlugin:unspecified] AndroidManifest.xml:64:5-78
	android:name
		ADDED from [SunnyDemo1.Libraries:DroidPlugin:unspecified] AndroidManifest.xml:64:22-75
uses-permission#android.permission.PROCESS_OUTGOING_CALLS
ADDED from [SunnyDemo1.Libraries:DroidPlugin:unspecified] AndroidManifest.xml:65:5-81
	android:name
		ADDED from [SunnyDemo1.Libraries:DroidPlugin:unspecified] AndroidManifest.xml:65:22-78
uses-permission#android.permission.READ_CALENDAR
ADDED from [SunnyDemo1.Libraries:DroidPlugin:unspecified] AndroidManifest.xml:66:5-72
	android:name
		ADDED from [SunnyDemo1.Libraries:DroidPlugin:unspecified] AndroidManifest.xml:66:22-69
uses-permission#android.permission.READ_CALL_LOG
ADDED from [SunnyDemo1.Libraries:DroidPlugin:unspecified] AndroidManifest.xml:67:5-72
	android:name
		ADDED from [SunnyDemo1.Libraries:DroidPlugin:unspecified] AndroidManifest.xml:67:22-69
uses-permission#android.permission.READ_CELL_BROADCASTS
ADDED from [SunnyDemo1.Libraries:DroidPlugin:unspecified] AndroidManifest.xml:68:5-79
	android:name
		ADDED from [SunnyDemo1.Libraries:DroidPlugin:unspecified] AndroidManifest.xml:68:22-76
uses-permission#android.permission.READ_CONTACTS
ADDED from [SunnyDemo1.Libraries:DroidPlugin:unspecified] AndroidManifest.xml:69:5-72
	android:name
		ADDED from [SunnyDemo1.Libraries:DroidPlugin:unspecified] AndroidManifest.xml:69:22-69
uses-permission#android.permission.READ_EXTERNAL_STORAGE
ADDED from [SunnyDemo1.Libraries:DroidPlugin:unspecified] AndroidManifest.xml:70:5-80
	android:name
		ADDED from [SunnyDemo1.Libraries:DroidPlugin:unspecified] AndroidManifest.xml:70:22-77
uses-permission#android.permission.READ_INSTALL_SESSIONS
ADDED from [SunnyDemo1.Libraries:DroidPlugin:unspecified] AndroidManifest.xml:71:5-80
	android:name
		ADDED from [SunnyDemo1.Libraries:DroidPlugin:unspecified] AndroidManifest.xml:71:22-77
uses-permission#android.permission.READ_PHONE_STATE
ADDED from [SunnyDemo1.Libraries:DroidPlugin:unspecified] AndroidManifest.xml:72:5-75
	android:name
		ADDED from [SunnyDemo1.Libraries:DroidPlugin:unspecified] AndroidManifest.xml:72:22-72
uses-permission#android.permission.READ_PROFILE
ADDED from [SunnyDemo1.Libraries:DroidPlugin:unspecified] AndroidManifest.xml:73:5-71
	android:name
		ADDED from [SunnyDemo1.Libraries:DroidPlugin:unspecified] AndroidManifest.xml:73:22-68
uses-permission#android.permission.READ_SMS
ADDED from [SunnyDemo1.Libraries:DroidPlugin:unspecified] AndroidManifest.xml:74:5-67
	android:name
		ADDED from [SunnyDemo1.Libraries:DroidPlugin:unspecified] AndroidManifest.xml:74:22-64
uses-permission#android.permission.READ_SOCIAL_STREAM
ADDED from [SunnyDemo1.Libraries:DroidPlugin:unspecified] AndroidManifest.xml:75:5-77
	android:name
		ADDED from [SunnyDemo1.Libraries:DroidPlugin:unspecified] AndroidManifest.xml:75:22-74
uses-permission#android.permission.READ_SYNC_SETTINGS
ADDED from [SunnyDemo1.Libraries:DroidPlugin:unspecified] AndroidManifest.xml:76:5-77
	android:name
		ADDED from [SunnyDemo1.Libraries:DroidPlugin:unspecified] AndroidManifest.xml:76:22-74
uses-permission#android.permission.READ_SYNC_STATS
ADDED from [SunnyDemo1.Libraries:DroidPlugin:unspecified] AndroidManifest.xml:77:5-74
	android:name
		ADDED from [SunnyDemo1.Libraries:DroidPlugin:unspecified] AndroidManifest.xml:77:22-71
uses-permission#android.permission.READ_USER_DICTIONARY
ADDED from [SunnyDemo1.Libraries:DroidPlugin:unspecified] AndroidManifest.xml:78:5-79
	android:name
		ADDED from [SunnyDemo1.Libraries:DroidPlugin:unspecified] AndroidManifest.xml:78:22-76
uses-permission#android.permission.RECEIVE_BOOT_COMPLETED
ADDED from [SunnyDemo1.Libraries:DroidPlugin:unspecified] AndroidManifest.xml:79:5-81
	android:name
		ADDED from [SunnyDemo1.Libraries:DroidPlugin:unspecified] AndroidManifest.xml:79:22-78
uses-permission#android.permission.RECEIVE_MMS
ADDED from [SunnyDemo1.Libraries:DroidPlugin:unspecified] AndroidManifest.xml:80:5-70
	android:name
		ADDED from [SunnyDemo1.Libraries:DroidPlugin:unspecified] AndroidManifest.xml:80:22-67
uses-permission#android.permission.RECEIVE_SMS
ADDED from [SunnyDemo1.Libraries:DroidPlugin:unspecified] AndroidManifest.xml:81:5-70
	android:name
		ADDED from [SunnyDemo1.Libraries:DroidPlugin:unspecified] AndroidManifest.xml:81:22-67
uses-permission#android.permission.RECEIVE_WAP_PUSH
ADDED from [SunnyDemo1.Libraries:DroidPlugin:unspecified] AndroidManifest.xml:82:5-75
	android:name
		ADDED from [SunnyDemo1.Libraries:DroidPlugin:unspecified] AndroidManifest.xml:82:22-72
uses-permission#android.permission.RECORD_AUDIO
ADDED from [SunnyDemo1.Libraries:DroidPlugin:unspecified] AndroidManifest.xml:83:5-71
	android:name
		ADDED from [SunnyDemo1.Libraries:DroidPlugin:unspecified] AndroidManifest.xml:83:22-68
uses-permission#android.permission.REORDER_TASKS
ADDED from [SunnyDemo1.Libraries:DroidPlugin:unspecified] AndroidManifest.xml:84:5-72
	android:name
		ADDED from [SunnyDemo1.Libraries:DroidPlugin:unspecified] AndroidManifest.xml:84:22-69
uses-permission#android.permission.RESTART_PACKAGES
ADDED from [SunnyDemo1.Libraries:DroidPlugin:unspecified] AndroidManifest.xml:85:5-75
	android:name
		ADDED from [SunnyDemo1.Libraries:DroidPlugin:unspecified] AndroidManifest.xml:85:22-72
uses-permission#android.permission.SEND_SMS
ADDED from [SunnyDemo1.Libraries:DroidPlugin:unspecified] AndroidManifest.xml:86:5-67
	android:name
		ADDED from [SunnyDemo1.Libraries:DroidPlugin:unspecified] AndroidManifest.xml:86:22-64
uses-permission#android.permission.SET_TIME_ZONE
ADDED from [SunnyDemo1.Libraries:DroidPlugin:unspecified] AndroidManifest.xml:87:5-72
	android:name
		ADDED from [SunnyDemo1.Libraries:DroidPlugin:unspecified] AndroidManifest.xml:87:22-69
uses-permission#android.permission.SET_WALLPAPER
ADDED from [SunnyDemo1.Libraries:DroidPlugin:unspecified] AndroidManifest.xml:88:5-72
	android:name
		ADDED from [SunnyDemo1.Libraries:DroidPlugin:unspecified] AndroidManifest.xml:88:22-69
uses-permission#android.permission.SET_WALLPAPER_HINTS
ADDED from [SunnyDemo1.Libraries:DroidPlugin:unspecified] AndroidManifest.xml:89:5-78
	android:name
		ADDED from [SunnyDemo1.Libraries:DroidPlugin:unspecified] AndroidManifest.xml:89:22-75
uses-permission#android.permission.SUBSCRIBED_FEEDS_READ
ADDED from [SunnyDemo1.Libraries:DroidPlugin:unspecified] AndroidManifest.xml:90:5-80
	android:name
		ADDED from [SunnyDemo1.Libraries:DroidPlugin:unspecified] AndroidManifest.xml:90:22-77
uses-permission#android.permission.SUBSCRIBED_FEEDS_WRITE
ADDED from [SunnyDemo1.Libraries:DroidPlugin:unspecified] AndroidManifest.xml:91:5-81
	android:name
		ADDED from [SunnyDemo1.Libraries:DroidPlugin:unspecified] AndroidManifest.xml:91:22-78
uses-permission#android.permission.SYSTEM_ALERT_WINDOW
ADDED from [SunnyDemo1.Libraries:DroidPlugin:unspecified] AndroidManifest.xml:92:5-78
	android:name
		ADDED from [SunnyDemo1.Libraries:DroidPlugin:unspecified] AndroidManifest.xml:92:22-75
uses-permission#android.permission.TRANSMIT_IR
ADDED from [SunnyDemo1.Libraries:DroidPlugin:unspecified] AndroidManifest.xml:93:5-70
	android:name
		ADDED from [SunnyDemo1.Libraries:DroidPlugin:unspecified] AndroidManifest.xml:93:22-67
uses-permission#android.permission.USE_CREDENTIALS
ADDED from [SunnyDemo1.Libraries:DroidPlugin:unspecified] AndroidManifest.xml:94:5-74
	android:name
		ADDED from [SunnyDemo1.Libraries:DroidPlugin:unspecified] AndroidManifest.xml:94:22-71
uses-permission#android.permission.USE_SIP
ADDED from [SunnyDemo1.Libraries:DroidPlugin:unspecified] AndroidManifest.xml:95:5-66
	android:name
		ADDED from [SunnyDemo1.Libraries:DroidPlugin:unspecified] AndroidManifest.xml:95:22-63
uses-permission#android.permission.VIBRATE
ADDED from [SunnyDemo1.Libraries:DroidPlugin:unspecified] AndroidManifest.xml:96:5-66
	android:name
		ADDED from [SunnyDemo1.Libraries:DroidPlugin:unspecified] AndroidManifest.xml:96:22-63
uses-permission#android.permission.WAKE_LOCK
ADDED from [SunnyDemo1.Libraries:DroidPlugin:unspecified] AndroidManifest.xml:97:5-68
	android:name
		ADDED from [SunnyDemo1.Libraries:DroidPlugin:unspecified] AndroidManifest.xml:97:22-65
uses-permission#android.permission.WRITE_CALENDAR
ADDED from [SunnyDemo1.Libraries:DroidPlugin:unspecified] AndroidManifest.xml:98:5-73
	android:name
		ADDED from [SunnyDemo1.Libraries:DroidPlugin:unspecified] AndroidManifest.xml:98:22-70
uses-permission#android.permission.WRITE_CALL_LOG
ADDED from [SunnyDemo1.Libraries:DroidPlugin:unspecified] AndroidManifest.xml:99:5-73
	android:name
		ADDED from [SunnyDemo1.Libraries:DroidPlugin:unspecified] AndroidManifest.xml:99:22-70
uses-permission#android.permission.WRITE_CONTACTS
ADDED from [SunnyDemo1.Libraries:DroidPlugin:unspecified] AndroidManifest.xml:100:5-73
	android:name
		ADDED from [SunnyDemo1.Libraries:DroidPlugin:unspecified] AndroidManifest.xml:100:22-70
uses-permission#android.permission.WRITE_EXTERNAL_STORAGE
ADDED from [SunnyDemo1.Libraries:DroidPlugin:unspecified] AndroidManifest.xml:101:5-81
	android:name
		ADDED from [SunnyDemo1.Libraries:DroidPlugin:unspecified] AndroidManifest.xml:101:22-78
uses-permission#android.permission.WRITE_PROFILE
ADDED from [SunnyDemo1.Libraries:DroidPlugin:unspecified] AndroidManifest.xml:102:5-72
	android:name
		ADDED from [SunnyDemo1.Libraries:DroidPlugin:unspecified] AndroidManifest.xml:102:22-69
uses-permission#android.permission.WRITE_SETTINGS
ADDED from [SunnyDemo1.Libraries:DroidPlugin:unspecified] AndroidManifest.xml:103:5-73
	android:name
		ADDED from [SunnyDemo1.Libraries:DroidPlugin:unspecified] AndroidManifest.xml:103:22-70
uses-permission#android.permission.WRITE_SMS
ADDED from [SunnyDemo1.Libraries:DroidPlugin:unspecified] AndroidManifest.xml:104:5-68
	android:name
		ADDED from [SunnyDemo1.Libraries:DroidPlugin:unspecified] AndroidManifest.xml:104:22-65
uses-permission#android.permission.WRITE_SOCIAL_STREAM
ADDED from [SunnyDemo1.Libraries:DroidPlugin:unspecified] AndroidManifest.xml:105:5-78
	android:name
		ADDED from [SunnyDemo1.Libraries:DroidPlugin:unspecified] AndroidManifest.xml:105:22-75
uses-permission#android.permission.WRITE_SYNC_SETTINGS
ADDED from [SunnyDemo1.Libraries:DroidPlugin:unspecified] AndroidManifest.xml:106:5-78
	android:name
		ADDED from [SunnyDemo1.Libraries:DroidPlugin:unspecified] AndroidManifest.xml:106:22-75
uses-permission#android.permission.WRITE_USER_DICTIONARY
ADDED from [SunnyDemo1.Libraries:DroidPlugin:unspecified] AndroidManifest.xml:107:5-80
	android:name
		ADDED from [SunnyDemo1.Libraries:DroidPlugin:unspecified] AndroidManifest.xml:107:22-77
uses-permission#com.android.alarm.permission.SET_ALARM
ADDED from [SunnyDemo1.Libraries:DroidPlugin:unspecified] AndroidManifest.xml:108:5-78
	android:name
		ADDED from [SunnyDemo1.Libraries:DroidPlugin:unspecified] AndroidManifest.xml:108:22-75
uses-permission#com.android.browser.permission.READ_HISTORY_BOOKMARKS
ADDED from [SunnyDemo1.Libraries:DroidPlugin:unspecified] AndroidManifest.xml:109:5-93
	android:name
		ADDED from [SunnyDemo1.Libraries:DroidPlugin:unspecified] AndroidManifest.xml:109:22-90
uses-permission#com.android.browser.permission.WRITE_HISTORY_BOOKMARKS
ADDED from [SunnyDemo1.Libraries:DroidPlugin:unspecified] AndroidManifest.xml:110:5-94
	android:name
		ADDED from [SunnyDemo1.Libraries:DroidPlugin:unspecified] AndroidManifest.xml:110:22-91
uses-permission#com.android.launcher.permission.INSTALL_SHORTCUT
ADDED from [SunnyDemo1.Libraries:DroidPlugin:unspecified] AndroidManifest.xml:111:5-88
	android:name
		ADDED from [SunnyDemo1.Libraries:DroidPlugin:unspecified] AndroidManifest.xml:111:22-85
uses-permission#com.android.launcher.permission.UNINSTALL_SHORTCUT
ADDED from [SunnyDemo1.Libraries:DroidPlugin:unspecified] AndroidManifest.xml:112:5-90
	android:name
		ADDED from [SunnyDemo1.Libraries:DroidPlugin:unspecified] AndroidManifest.xml:112:22-87
uses-permission#com.android.vending.BILLING
ADDED from [SunnyDemo1.Libraries:DroidPlugin:unspecified] AndroidManifest.xml:113:5-67
	android:name
		ADDED from [SunnyDemo1.Libraries:DroidPlugin:unspecified] AndroidManifest.xml:113:22-64
uses-permission#com.android.vending.CHECK_LICENSE
ADDED from [SunnyDemo1.Libraries:DroidPlugin:unspecified] AndroidManifest.xml:114:5-73
	android:name
		ADDED from [SunnyDemo1.Libraries:DroidPlugin:unspecified] AndroidManifest.xml:114:22-70
uses-permission#com.android.voicemail.permission.ADD_VOICEMAIL
ADDED from [SunnyDemo1.Libraries:DroidPlugin:unspecified] AndroidManifest.xml:115:5-86
	android:name
		ADDED from [SunnyDemo1.Libraries:DroidPlugin:unspecified] AndroidManifest.xml:115:22-83
uses-permission#com.google.android.c2dm.permission.RECEIVE
ADDED from [SunnyDemo1.Libraries:DroidPlugin:unspecified] AndroidManifest.xml:116:5-82
	android:name
		ADDED from [SunnyDemo1.Libraries:DroidPlugin:unspecified] AndroidManifest.xml:116:22-79
uses-permission#com.google.android.gms.permission.ACTIVITY_RECOGNITION
ADDED from [SunnyDemo1.Libraries:DroidPlugin:unspecified] AndroidManifest.xml:117:5-94
	android:name
		ADDED from [SunnyDemo1.Libraries:DroidPlugin:unspecified] AndroidManifest.xml:117:22-91
uses-permission#com.google.android.gms.permission.AD_ID_NOTIFICATION
ADDED from [SunnyDemo1.Libraries:DroidPlugin:unspecified] AndroidManifest.xml:118:5-92
	android:name
		ADDED from [SunnyDemo1.Libraries:DroidPlugin:unspecified] AndroidManifest.xml:118:22-89
uses-permission#com.google.android.googleapps.permission.GOOGLE_AUTH
ADDED from [SunnyDemo1.Libraries:DroidPlugin:unspecified] AndroidManifest.xml:119:5-92
	android:name
		ADDED from [SunnyDemo1.Libraries:DroidPlugin:unspecified] AndroidManifest.xml:119:22-89
uses-permission#com.google.android.googleapps.permission.GOOGLE_AUTH.OTHER_SERVICES
ADDED from [SunnyDemo1.Libraries:DroidPlugin:unspecified] AndroidManifest.xml:120:5-107
	android:name
		ADDED from [SunnyDemo1.Libraries:DroidPlugin:unspecified] AndroidManifest.xml:120:22-104
uses-permission#com.google.android.googleapps.permission.GOOGLE_AUTH.YouTubeUser
ADDED from [SunnyDemo1.Libraries:DroidPlugin:unspecified] AndroidManifest.xml:121:5-104
	android:name
		ADDED from [SunnyDemo1.Libraries:DroidPlugin:unspecified] AndroidManifest.xml:121:22-101
uses-permission#com.google.android.googleapps.permission.GOOGLE_AUTH.adsense
ADDED from [SunnyDemo1.Libraries:DroidPlugin:unspecified] AndroidManifest.xml:122:5-100
	android:name
		ADDED from [SunnyDemo1.Libraries:DroidPlugin:unspecified] AndroidManifest.xml:122:22-97
uses-permission#com.google.android.googleapps.permission.GOOGLE_AUTH.adwords
ADDED from [SunnyDemo1.Libraries:DroidPlugin:unspecified] AndroidManifest.xml:123:5-100
	android:name
		ADDED from [SunnyDemo1.Libraries:DroidPlugin:unspecified] AndroidManifest.xml:123:22-97
uses-permission#com.google.android.googleapps.permission.GOOGLE_AUTH.ah
ADDED from [SunnyDemo1.Libraries:DroidPlugin:unspecified] AndroidManifest.xml:124:5-95
	android:name
		ADDED from [SunnyDemo1.Libraries:DroidPlugin:unspecified] AndroidManifest.xml:124:22-92
uses-permission#com.google.android.googleapps.permission.GOOGLE_AUTH.android
ADDED from [SunnyDemo1.Libraries:DroidPlugin:unspecified] AndroidManifest.xml:125:5-100
	android:name
		ADDED from [SunnyDemo1.Libraries:DroidPlugin:unspecified] AndroidManifest.xml:125:22-97
uses-permission#com.google.android.googleapps.permission.GOOGLE_AUTH.androidsecure
ADDED from [SunnyDemo1.Libraries:DroidPlugin:unspecified] AndroidManifest.xml:126:5-106
	android:name
		ADDED from [SunnyDemo1.Libraries:DroidPlugin:unspecified] AndroidManifest.xml:126:22-103
uses-permission#com.google.android.googleapps.permission.GOOGLE_AUTH.blogger
ADDED from [SunnyDemo1.Libraries:DroidPlugin:unspecified] AndroidManifest.xml:127:5-100
	android:name
		ADDED from [SunnyDemo1.Libraries:DroidPlugin:unspecified] AndroidManifest.xml:127:22-97
uses-permission#com.google.android.googleapps.permission.GOOGLE_AUTH.cl
ADDED from [SunnyDemo1.Libraries:DroidPlugin:unspecified] AndroidManifest.xml:128:5-95
	android:name
		ADDED from [SunnyDemo1.Libraries:DroidPlugin:unspecified] AndroidManifest.xml:128:22-92
uses-permission#com.google.android.googleapps.permission.GOOGLE_AUTH.cp
ADDED from [SunnyDemo1.Libraries:DroidPlugin:unspecified] AndroidManifest.xml:129:5-95
	android:name
		ADDED from [SunnyDemo1.Libraries:DroidPlugin:unspecified] AndroidManifest.xml:129:22-92
uses-permission#com.google.android.googleapps.permission.GOOGLE_AUTH.dodgeball
ADDED from [SunnyDemo1.Libraries:DroidPlugin:unspecified] AndroidManifest.xml:130:5-102
	android:name
		ADDED from [SunnyDemo1.Libraries:DroidPlugin:unspecified] AndroidManifest.xml:130:22-99
uses-permission#com.google.android.googleapps.permission.GOOGLE_AUTH.finance
ADDED from [SunnyDemo1.Libraries:DroidPlugin:unspecified] AndroidManifest.xml:131:5-100
	android:name
		ADDED from [SunnyDemo1.Libraries:DroidPlugin:unspecified] AndroidManifest.xml:131:22-97
uses-permission#com.google.android.googleapps.permission.GOOGLE_AUTH.gbase
ADDED from [SunnyDemo1.Libraries:DroidPlugin:unspecified] AndroidManifest.xml:132:5-98
	android:name
		ADDED from [SunnyDemo1.Libraries:DroidPlugin:unspecified] AndroidManifest.xml:132:22-95
uses-permission#com.google.android.googleapps.permission.GOOGLE_AUTH.grandcentral
ADDED from [SunnyDemo1.Libraries:DroidPlugin:unspecified] AndroidManifest.xml:133:5-105
	android:name
		ADDED from [SunnyDemo1.Libraries:DroidPlugin:unspecified] AndroidManifest.xml:133:22-102
uses-permission#com.google.android.googleapps.permission.GOOGLE_AUTH.groups2
ADDED from [SunnyDemo1.Libraries:DroidPlugin:unspecified] AndroidManifest.xml:134:5-100
	android:name
		ADDED from [SunnyDemo1.Libraries:DroidPlugin:unspecified] AndroidManifest.xml:134:22-97
uses-permission#com.google.android.googleapps.permission.GOOGLE_AUTH.health
ADDED from [SunnyDemo1.Libraries:DroidPlugin:unspecified] AndroidManifest.xml:135:5-99
	android:name
		ADDED from [SunnyDemo1.Libraries:DroidPlugin:unspecified] AndroidManifest.xml:135:22-96
uses-permission#com.google.android.googleapps.permission.GOOGLE_AUTH.ig
ADDED from [SunnyDemo1.Libraries:DroidPlugin:unspecified] AndroidManifest.xml:136:5-95
	android:name
		ADDED from [SunnyDemo1.Libraries:DroidPlugin:unspecified] AndroidManifest.xml:136:22-92
uses-permission#com.google.android.googleapps.permission.GOOGLE_AUTH.jotspot
ADDED from [SunnyDemo1.Libraries:DroidPlugin:unspecified] AndroidManifest.xml:137:5-100
	android:name
		ADDED from [SunnyDemo1.Libraries:DroidPlugin:unspecified] AndroidManifest.xml:137:22-97
uses-permission#com.google.android.googleapps.permission.GOOGLE_AUTH.knol
ADDED from [SunnyDemo1.Libraries:DroidPlugin:unspecified] AndroidManifest.xml:138:5-97
	android:name
		ADDED from [SunnyDemo1.Libraries:DroidPlugin:unspecified] AndroidManifest.xml:138:22-94
uses-permission#com.google.android.googleapps.permission.GOOGLE_AUTH.lh2
ADDED from [SunnyDemo1.Libraries:DroidPlugin:unspecified] AndroidManifest.xml:139:5-96
	android:name
		ADDED from [SunnyDemo1.Libraries:DroidPlugin:unspecified] AndroidManifest.xml:139:22-93
uses-permission#com.google.android.googleapps.permission.GOOGLE_AUTH.local
ADDED from [SunnyDemo1.Libraries:DroidPlugin:unspecified] AndroidManifest.xml:140:5-98
	android:name